<?xml version="1.0" encoding="UTF-8"?>
<!-- Generated by org.testng.reporters.JUnitReportReporter -->
<testsuite hostname="DESKTOP-L6N98KA" failures="0" tests="13" name="com.das.test.PrintFluoroFinderTest" time="1126.211" errors="0" timestamp="2021-12-25T00:42:14 EST" skipped="0">
  <testcase classname="com.das.test.PrintFluoroFinderTest" name="performParallelTask" time="157.341"/>
  <system-out/>
  <testcase classname="com.das.test.PrintFluoroFinderTest" name="performParallelTask" time="50.881"/>
  <system-out/>
  <testcase classname="com.das.test.PrintFluoroFinderTest" name="performParallelTask" time="111.794"/>
  <system-out/>
  <testcase classname="com.das.test.PrintFluoroFinderTest" name="performParallelTask" time="111.827"/>
  <system-out/>
  <testcase classname="com.das.test.PrintFluoroFinderTest" name="performParallelTask" time="135.430"/>
  <system-out/>
  <testcase classname="com.das.test.PrintFluoroFinderTest" name="performParallelTask" time="109.721"/>
  <system-out/>
  <testcase classname="com.das.test.PrintFluoroFinderTest" name="performParallelTask" time="71.221"/>
  <system-out/>
  <testcase classname="com.das.test.PrintFluoroFinderTest" name="performParallelTask" time="34.459"/>
  <system-out/>
  <testcase classname="com.das.test.PrintFluoroFinderTest" name="performParallelTask" time="45.056"/>
  <system-out/>
  <testcase classname="com.das.test.PrintFluoroFinderTest" name="performParallelTask" time="68.955"/>
  <system-out/>
  <testcase classname="com.das.test.PrintFluoroFinderTest" name="performParallelTask" time="70.719"/>
  <system-out/>
  <testcase classname="com.das.test.PrintFluoroFinderTest" name="performParallelTask" time="21.636"/>
  <system-out/>
  <testcase classname="com.das.test.PrintFluoroFinderTest" name="performParallelTask" time="137.171"/>
  <system-out/>
</testsuite> <!-- com.das.test.PrintFluoroFinderTest -->
