<?xml version="1.0" encoding="UTF-8"?>
<!-- Generated by org.testng.reporters.JUnitReportReporter -->
<testsuite hostname="DESKTOP-L6N98KA" failures="0" tests="13" name="com.das.test.PrintFluoroFinderTest" time="834.004" errors="0" timestamp="2021-12-25T15:09:40 EST" skipped="0">
  <testcase classname="com.das.test.PrintFluoroFinderTest" name="performParallelTask" time="109.858"/>
  <system-out/>
  <testcase classname="com.das.test.PrintFluoroFinderTest" name="performParallelTask" time="64.380"/>
  <system-out/>
  <testcase classname="com.das.test.PrintFluoroFinderTest" name="performParallelTask" time="100.132"/>
  <system-out/>
  <testcase classname="com.das.test.PrintFluoroFinderTest" name="performParallelTask" time="61.605"/>
  <system-out/>
  <testcase classname="com.das.test.PrintFluoroFinderTest" name="performParallelTask" time="20.214"/>
  <system-out/>
  <testcase classname="com.das.test.PrintFluoroFinderTest" name="performParallelTask" time="81.314"/>
  <system-out/>
  <testcase classname="com.das.test.PrintFluoroFinderTest" name="performParallelTask" time="6.108"/>
  <system-out/>
  <testcase classname="com.das.test.PrintFluoroFinderTest" name="performParallelTask" time="58.430"/>
  <system-out/>
  <testcase classname="com.das.test.PrintFluoroFinderTest" name="performParallelTask" time="74.904"/>
  <system-out/>
  <testcase classname="com.das.test.PrintFluoroFinderTest" name="performParallelTask" time="75.077"/>
  <system-out/>
  <testcase classname="com.das.test.PrintFluoroFinderTest" name="performParallelTask" time="39.663"/>
  <system-out/>
  <testcase classname="com.das.test.PrintFluoroFinderTest" name="performParallelTask" time="59.941"/>
  <system-out/>
  <testcase classname="com.das.test.PrintFluoroFinderTest" name="performParallelTask" time="82.378"/>
  <system-out/>
</testsuite> <!-- com.das.test.PrintFluoroFinderTest -->
