<?xml version="1.0" encoding="UTF-8"?>
<!-- Generated by org.testng.reporters.JUnitReportReporter -->
<testsuite hostname="DESKTOP-L6N98KA" failures="0" tests="11" name="com.das.test.PrintFluoroFinderTest" time="711.406" errors="0" timestamp="2021-12-26T00:59:34 EST" skipped="0">
  <testcase classname="com.das.test.PrintFluoroFinderTest" name="performParallelTask" time="53.309"/>
  <system-out/>
  <testcase classname="com.das.test.PrintFluoroFinderTest" name="performParallelTask" time="93.699"/>
  <system-out/>
  <testcase classname="com.das.test.PrintFluoroFinderTest" name="performParallelTask" time="59.562"/>
  <system-out/>
  <testcase classname="com.das.test.PrintFluoroFinderTest" name="performParallelTask" time="61.329"/>
  <system-out/>
  <testcase classname="com.das.test.PrintFluoroFinderTest" name="performParallelTask" time="59.079"/>
  <system-out/>
  <testcase classname="com.das.test.PrintFluoroFinderTest" name="performParallelTask" time="77.172"/>
  <system-out/>
  <testcase classname="com.das.test.PrintFluoroFinderTest" name="performParallelTask" time="110.092"/>
  <system-out/>
  <testcase classname="com.das.test.PrintFluoroFinderTest" name="performParallelTask" time="28.290"/>
  <system-out/>
  <testcase classname="com.das.test.PrintFluoroFinderTest" name="performParallelTask" time="56.868"/>
  <system-out/>
  <testcase classname="com.das.test.PrintFluoroFinderTest" name="performParallelTask" time="24.375"/>
  <system-out/>
  <testcase classname="com.das.test.PrintFluoroFinderTest" name="performParallelTask" time="87.631"/>
  <system-out/>
</testsuite> <!-- com.das.test.PrintFluoroFinderTest -->
