<?xml version="1.0" encoding="UTF-8"?>
<!-- Generated by org.testng.reporters.JUnitReportReporter -->
<testsuite hostname="DESKTOP-L6N98KA" failures="0" tests="1" name="com.das.test.TestRunner" time="0.008" errors="0" timestamp="2021-12-21T21:05:38 EST" skipped="0">
  <testcase classname="com.das.test.TestRunner" name="validEmailPwd" time="0.008"/>
  <system-out/>
</testsuite> <!-- com.das.test.TestRunner -->
