<?xml version="1.0" encoding="UTF-8"?>
<!-- Generated by org.testng.reporters.JUnitReportReporter -->
<testsuite hostname="DESKTOP-L6N98KA" failures="0" tests="3" name="com.das.test.PrintFluoroFinderTest" time="34.104" errors="0" timestamp="2021-12-26T10:08:27 EST" skipped="0">
  <testcase classname="com.das.test.PrintFluoroFinderTest" name="performParallelTask" time="11.864"/>
  <system-out/>
  <testcase classname="com.das.test.PrintFluoroFinderTest" name="performParallelTask" time="10.800"/>
  <system-out/>
  <testcase classname="com.das.test.PrintFluoroFinderTest" name="performParallelTask" time="11.440"/>
  <system-out/>
</testsuite> <!-- com.das.test.PrintFluoroFinderTest -->
