<?xml version="1.0" encoding="UTF-8"?>
<!-- Generated by org.testng.reporters.JUnitReportReporter -->
<testsuite hostname="DESKTOP-L6N98KA" failures="0" tests="13" name="com.das.test.PrintFluoroFinderTest" time="812.331" errors="0" timestamp="2021-12-25T08:06:47 EST" skipped="0">
  <testcase classname="com.das.test.PrintFluoroFinderTest" name="performParallelTask" time="81.625"/>
  <system-out/>
  <testcase classname="com.das.test.PrintFluoroFinderTest" name="performParallelTask" time="94.608"/>
  <system-out/>
  <testcase classname="com.das.test.PrintFluoroFinderTest" name="performParallelTask" time="64.281"/>
  <system-out/>
  <testcase classname="com.das.test.PrintFluoroFinderTest" name="performParallelTask" time="47.674"/>
  <system-out/>
  <testcase classname="com.das.test.PrintFluoroFinderTest" name="performParallelTask" time="51.039"/>
  <system-out/>
  <testcase classname="com.das.test.PrintFluoroFinderTest" name="performParallelTask" time="46.412"/>
  <system-out/>
  <testcase classname="com.das.test.PrintFluoroFinderTest" name="performParallelTask" time="83.962"/>
  <system-out/>
  <testcase classname="com.das.test.PrintFluoroFinderTest" name="performParallelTask" time="48.807"/>
  <system-out/>
  <testcase classname="com.das.test.PrintFluoroFinderTest" name="performParallelTask" time="70.491"/>
  <system-out/>
  <testcase classname="com.das.test.PrintFluoroFinderTest" name="performParallelTask" time="55.738"/>
  <system-out/>
  <testcase classname="com.das.test.PrintFluoroFinderTest" name="performParallelTask" time="41.276"/>
  <system-out/>
  <testcase classname="com.das.test.PrintFluoroFinderTest" name="performParallelTask" time="30.621"/>
  <system-out/>
  <testcase classname="com.das.test.PrintFluoroFinderTest" name="performParallelTask" time="95.797"/>
  <system-out/>
</testsuite> <!-- com.das.test.PrintFluoroFinderTest -->
