<?xml version="1.0" encoding="UTF-8"?>
<!-- Generated by org.testng.reporters.JUnitReportReporter -->
<testsuite hostname="DESKTOP-L6N98KA" failures="0" tests="13" name="com.das.test.PrintFluoroFinderTest" time="1393.018" errors="0" timestamp="2021-12-24T23:30:15 EST" skipped="0">
  <testcase classname="com.das.test.PrintFluoroFinderTest" name="performParallelTask" time="125.764"/>
  <system-out/>
  <testcase classname="com.das.test.PrintFluoroFinderTest" name="performParallelTask" time="71.874"/>
  <system-out/>
  <testcase classname="com.das.test.PrintFluoroFinderTest" name="performParallelTask" time="43.794"/>
  <system-out/>
  <testcase classname="com.das.test.PrintFluoroFinderTest" name="performParallelTask" time="29.367"/>
  <system-out/>
  <testcase classname="com.das.test.PrintFluoroFinderTest" name="performParallelTask" time="166.654"/>
  <system-out/>
  <testcase classname="com.das.test.PrintFluoroFinderTest" name="performParallelTask" time="66.637"/>
  <system-out/>
  <testcase classname="com.das.test.PrintFluoroFinderTest" name="performParallelTask" time="100.627"/>
  <system-out/>
  <testcase classname="com.das.test.PrintFluoroFinderTest" name="performParallelTask" time="129.725"/>
  <system-out/>
  <testcase classname="com.das.test.PrintFluoroFinderTest" name="performParallelTask" time="164.171"/>
  <system-out/>
  <testcase classname="com.das.test.PrintFluoroFinderTest" name="performParallelTask" time="138.996"/>
  <system-out/>
  <testcase classname="com.das.test.PrintFluoroFinderTest" name="performParallelTask" time="65.897"/>
  <system-out/>
  <testcase classname="com.das.test.PrintFluoroFinderTest" name="performParallelTask" time="126.717"/>
  <system-out/>
  <testcase classname="com.das.test.PrintFluoroFinderTest" name="performParallelTask" time="162.795"/>
  <system-out/>
</testsuite> <!-- com.das.test.PrintFluoroFinderTest -->
