<?xml version="1.0" encoding="UTF-8"?>
<!-- Generated by org.testng.reporters.JUnitReportReporter -->
<testsuite hostname="DESKTOP-L6N98KA" failures="0" tests="1" name="com.das.test.TestClass" time="5.668" errors="0" timestamp="2021-12-23T05:25:48 EST" skipped="0">
  <testcase classname="com.das.test.TestClass" name="main" time="5.668"/>
  <system-out/>
</testsuite> <!-- com.das.test.TestClass -->
