<?xml version="1.0" encoding="UTF-8"?>
<!-- Generated by org.testng.reporters.JUnitReportReporter -->
<testsuite hostname="DESKTOP-L6N98KA" failures="0" tests="3" name="com.das.test.PrintFluoroFinderTest" time="30.324" errors="0" timestamp="2021-12-26T09:44:27 EST" skipped="0">
  <testcase classname="com.das.test.PrintFluoroFinderTest" name="performParallelTask" time="8.685"/>
  <system-out/>
  <testcase classname="com.das.test.PrintFluoroFinderTest" name="performParallelTask" time="12.923"/>
  <system-out/>
  <testcase classname="com.das.test.PrintFluoroFinderTest" name="performParallelTask" time="8.716"/>
  <system-out/>
</testsuite> <!-- com.das.test.PrintFluoroFinderTest -->
